<?xml version="1.0" encoding="UTF-8"?>
<!-- Generated by org.testng.reporters.JUnitReportReporter -->
<testsuite hostname="DESKTOP-GDGDOPT" failures="0" tests="7" name="com.hrmorange.basics.Example1" time="4.715" errors="0" timestamp="2024-01-17T23:35:22 IST" skipped="0">
  <testcase classname="com.hrmorange.basics.Example1" name="verifyTitle" time="0.017"/>
  <system-out/>
  <testcase classname="com.hrmorange.basics.Example1" name="verifyUrl" time="0.009"/>
  <system-out/>
  <testcase classname="com.hrmorange.basics.Example1" name="verifyLoginTitle" time="0.259"/>
  <system-out/>
  <testcase classname="com.hrmorange.basics.Example1" name="verifyforgotpasswordtitle" time="0.025"/>
  <system-out/>
  <testcase classname="com.hrmorange.basics.Example1" name="verifyusername" time="3.062"/>
  <system-out/>
  <testcase classname="com.hrmorange.basics.Example1" name="verifypassword" time="0.067"/>
  <system-out/>
  <testcase classname="com.hrmorange.basics.Example1" name="verifyloginbutton" time="1.276"/>
  <system-out/>
</testsuite> <!-- com.hrmorange.basics.Example1 -->
