<?xml version="1.0" encoding="UTF-8"?>
<!-- Generated by org.testng.reporters.JUnitReportReporter -->
<testsuite hostname="DESKTOP-GDGDOPT" failures="0" tests="4" name="com.hrmorange.basics.Sample" time="0.280" errors="0" timestamp="2023-12-27T18:36:43 IST" skipped="0">
  <testcase classname="com.hrmorange.basics.Sample" name="verifyRadiobutton" time="0.103"/>
  <system-out/>
  <testcase classname="com.hrmorange.basics.Sample" name="verifyclick" time="0.055"/>
  <system-out/>
  <testcase classname="com.hrmorange.basics.Sample" name="verify" time="0.099"/>
  <system-out/>
  <testcase classname="com.hrmorange.basics.Sample" name="mouseover" time="0.023"/>
  <system-out/>
</testsuite> <!-- com.hrmorange.basics.Sample -->
